<?xml version="1.0" encoding="UTF-8"?>
<!-- Generated by org.testng.reporters.JUnitReportReporter -->
<testsuite hostname="taxidriver-VirtualBox" failures="0" tests="20" name="com.atharvahiwase07.tests.flightreservation.FlightReservationTest" time="34.240" errors="0" timestamp="2024-01-30T00:19:25 IST" skipped="0">
  <testcase classname="com.atharvahiwase07.tests.flightreservation.FlightReservationTest" name="flightReservationConfirmationTest" time="2.285"/>
  <testcase classname="com.atharvahiwase07.tests.flightreservation.FlightReservationTest" name="registrationConfirmationTest" time="1.752"/>
  <testcase classname="com.atharvahiwase07.tests.flightreservation.FlightReservationTest" name="userRegistrationTest" time="2.685"/>
  <testcase classname="com.atharvahiwase07.tests.flightreservation.FlightReservationTest" name="flightsSearchTest" time="1.355"/>
  <testcase classname="com.atharvahiwase07.tests.flightreservation.FlightReservationTest" name="registrationConfirmationTest" time="1.219"/>
  <testcase classname="com.atharvahiwase07.tests.flightreservation.FlightReservationTest" name="registrationConfirmationTest" time="1.772"/>
  <testcase classname="com.atharvahiwase07.tests.flightreservation.FlightReservationTest" name="flightSelectionTest" time="0.799"/>
  <testcase classname="com.atharvahiwase07.tests.flightreservation.FlightReservationTest" name="flightSelectionTest" time="1.883"/>
  <testcase classname="com.atharvahiwase07.tests.flightreservation.FlightReservationTest" name="flightReservationConfirmationTest" time="1.185"/>
  <testcase classname="com.atharvahiwase07.tests.flightreservation.FlightReservationTest" name="flightsSearchTest" time="0.815"/>
  <testcase classname="com.atharvahiwase07.tests.flightreservation.FlightReservationTest" name="userRegistrationTest" time="2.450"/>
  <testcase classname="com.atharvahiwase07.tests.flightreservation.FlightReservationTest" name="userRegistrationTest" time="3.870"/>
  <testcase classname="com.atharvahiwase07.tests.flightreservation.FlightReservationTest" name="flightReservationConfirmationTest" time="1.740"/>
  <testcase classname="com.atharvahiwase07.tests.flightreservation.FlightReservationTest" name="userRegistrationTest" time="2.045"/>
  <testcase classname="com.atharvahiwase07.tests.flightreservation.FlightReservationTest" name="registrationConfirmationTest" time="2.268"/>
  <testcase classname="com.atharvahiwase07.tests.flightreservation.FlightReservationTest" name="flightReservationConfirmationTest" time="1.711"/>
  <testcase classname="com.atharvahiwase07.tests.flightreservation.FlightReservationTest" name="flightsSearchTest" time="0.830"/>
  <testcase classname="com.atharvahiwase07.tests.flightreservation.FlightReservationTest" name="flightsSearchTest" time="0.324"/>
  <testcase classname="com.atharvahiwase07.tests.flightreservation.FlightReservationTest" name="flightSelectionTest" time="0.840"/>
  <testcase classname="com.atharvahiwase07.tests.flightreservation.FlightReservationTest" name="flightSelectionTest" time="2.412"/>
</testsuite> <!-- com.atharvahiwase07.tests.flightreservation.FlightReservationTest -->
