<?xml version="1.0" encoding="UTF-8"?>
<!-- Generated by org.testng.reporters.JUnitReportReporter -->
<testsuite hostname="taxidriver-VirtualBox" failures="0" tests="10" name="com.atharvahiwase07.tests.flightreservation.FlightReservationTest" time="14.256" errors="0" timestamp="2023-12-29T20:31:13 IST" skipped="0">
  <testcase classname="com.atharvahiwase07.tests.flightreservation.FlightReservationTest" name="flightReservationConfirmationTest" time="1.182"/>
  <testcase classname="com.atharvahiwase07.tests.flightreservation.FlightReservationTest" name="userRegistrationTest" time="2.807"/>
  <testcase classname="com.atharvahiwase07.tests.flightreservation.FlightReservationTest" name="flightSelectionTest" time="0.887"/>
  <testcase classname="com.atharvahiwase07.tests.flightreservation.FlightReservationTest" name="registrationConfirmationTest" time="0.728"/>
  <testcase classname="com.atharvahiwase07.tests.flightreservation.FlightReservationTest" name="registrationConfirmationTest" time="0.741"/>
  <testcase classname="com.atharvahiwase07.tests.flightreservation.FlightReservationTest" name="flightsSearchTest" time="0.853"/>
  <testcase classname="com.atharvahiwase07.tests.flightreservation.FlightReservationTest" name="flightReservationConfirmationTest" time="1.765"/>
  <testcase classname="com.atharvahiwase07.tests.flightreservation.FlightReservationTest" name="flightSelectionTest" time="1.953"/>
  <testcase classname="com.atharvahiwase07.tests.flightreservation.FlightReservationTest" name="userRegistrationTest" time="2.489"/>
  <testcase classname="com.atharvahiwase07.tests.flightreservation.FlightReservationTest" name="flightsSearchTest" time="0.851"/>
</testsuite> <!-- com.atharvahiwase07.tests.flightreservation.FlightReservationTest -->
