<?xml version="1.0" encoding="UTF-8"?>
<!-- Generated by org.testng.reporters.JUnitReportReporter -->
<testsuite hostname="9f9865bc121d" failures="0" tests="20" name="com.atharvahiwase07.tests.flightreservation.FlightReservationTest" time="123.555" errors="0" timestamp="2024-02-12T12:02:04 GMT" skipped="0">
  <testcase classname="com.atharvahiwase07.tests.flightreservation.FlightReservationTest" name="userRegistrationTest" time="9.511"/>
  <testcase classname="com.atharvahiwase07.tests.flightreservation.FlightReservationTest" name="userRegistrationTest" time="9.480"/>
  <testcase classname="com.atharvahiwase07.tests.flightreservation.FlightReservationTest" name="flightsSearchTest" time="5.375"/>
  <testcase classname="com.atharvahiwase07.tests.flightreservation.FlightReservationTest" name="flightSelectionTest" time="5.497"/>
  <testcase classname="com.atharvahiwase07.tests.flightreservation.FlightReservationTest" name="registrationConfirmationTest" time="5.264"/>
  <testcase classname="com.atharvahiwase07.tests.flightreservation.FlightReservationTest" name="flightSelectionTest" time="5.484"/>
  <testcase classname="com.atharvahiwase07.tests.flightreservation.FlightReservationTest" name="flightReservationConfirmationTest" time="5.182"/>
  <testcase classname="com.atharvahiwase07.tests.flightreservation.FlightReservationTest" name="flightsSearchTest" time="5.778"/>
  <testcase classname="com.atharvahiwase07.tests.flightreservation.FlightReservationTest" name="flightReservationConfirmationTest" time="5.190"/>
  <testcase classname="com.atharvahiwase07.tests.flightreservation.FlightReservationTest" name="registrationConfirmationTest" time="5.237"/>
  <testcase classname="com.atharvahiwase07.tests.flightreservation.FlightReservationTest" name="flightSelectionTest" time="5.496"/>
  <testcase classname="com.atharvahiwase07.tests.flightreservation.FlightReservationTest" name="flightsSearchTest" time="5.752"/>
  <testcase classname="com.atharvahiwase07.tests.flightreservation.FlightReservationTest" name="userRegistrationTest" time="9.242"/>
  <testcase classname="com.atharvahiwase07.tests.flightreservation.FlightReservationTest" name="flightReservationConfirmationTest" time="5.179"/>
  <testcase classname="com.atharvahiwase07.tests.flightreservation.FlightReservationTest" name="registrationConfirmationTest" time="5.275"/>
  <testcase classname="com.atharvahiwase07.tests.flightreservation.FlightReservationTest" name="flightSelectionTest" time="5.498"/>
  <testcase classname="com.atharvahiwase07.tests.flightreservation.FlightReservationTest" name="registrationConfirmationTest" time="5.213"/>
  <testcase classname="com.atharvahiwase07.tests.flightreservation.FlightReservationTest" name="userRegistrationTest" time="9.314"/>
  <testcase classname="com.atharvahiwase07.tests.flightreservation.FlightReservationTest" name="flightsSearchTest" time="5.416"/>
  <testcase classname="com.atharvahiwase07.tests.flightreservation.FlightReservationTest" name="flightReservationConfirmationTest" time="5.172"/>
</testsuite> <!-- com.atharvahiwase07.tests.flightreservation.FlightReservationTest -->
